<?xml version="1.0" encoding="UTF-8"?>
<!-- Generated by org.testng.reporters.JUnitXMLReporter -->
<testsuite ignored="0" hostname="DESKTOP-OHJ1BB9" failures="0" tests="2" name="Error Validations Test" time="8.465" errors="0" timestamp="2024-08-28T14:57:24 IST">
  <testcase classname="sharan.SeleniumFrameworkDesign.ErrorValidationsTest" name="LoginErrorValidation" time="1.161"/>
  <testcase classname="sharan.SeleniumFrameworkDesign.ErrorValidationsTest" name="ProductErrorValidation" time="2.423"/>
</testsuite> <!-- Error Validations Test -->
