<?xml version="1.0" encoding="UTF-8"?>
<!-- Generated by org.testng.reporters.JUnitXMLReporter -->
<testsuite ignored="0" hostname="DESKTOP-OHJ1BB9" failures="0" tests="3" name="Submit Order Test" time="14.353" errors="0" timestamp="2024-08-28T14:57:30 IST">
  <testcase classname="sharan.SeleniumFrameworkDesign.SubmitOrderTest" name="submitOrder" time="3.225"/>
  <testcase classname="sharan.SeleniumFrameworkDesign.SubmitOrderTest" name="submitOrder" time="2.949"/>
  <testcase classname="sharan.SeleniumFrameworkDesign.SubmitOrderTest" name="OrderHistory" time="0.656"/>
</testsuite> <!-- Submit Order Test -->
