<?xml version="1.0" encoding="UTF-8"?>
<!-- Generated by org.testng.reporters.JUnitXMLReporter -->
<testsuite ignored="0" hostname="DESKTOP-OHJ1BB9" failures="0" tests="3" name="Submit Order Test" time="20.228" errors="0" timestamp="2024-08-29T13:35:32 IST">
  <testcase classname="sharan.SeleniumFrameworkDesign.SubmitOrderTest" name="submitOrder" time="3.984"/>
  <testcase classname="sharan.SeleniumFrameworkDesign.SubmitOrderTest" name="submitOrder" time="3.725"/>
  <testcase classname="sharan.SeleniumFrameworkDesign.SubmitOrderTest" name="OrderHistory" time="0.888"/>
</testsuite> <!-- Submit Order Test -->
